c:\users\max\desktop\snake\sfmlhello\debug\vc143.pdb
c:\users\max\desktop\snake\sfmlhello\debug\vc143.idb
c:\users\max\desktop\snake\sfmlhello\debug\tail.obj
c:\users\max\desktop\snake\sfmlhello\debug\state.obj
c:\users\max\desktop\snake\sfmlhello\debug\main.obj
c:\users\max\desktop\snake\sfmlhello\debug\loststate.obj
c:\users\max\desktop\snake\sfmlhello\debug\head.obj
c:\users\max\desktop\snake\sfmlhello\debug\gamestate.obj
c:\users\max\desktop\snake\sfmlhello\debug\game.obj
c:\users\max\desktop\snake\sfmlhello\debug\fruit.obj
c:\users\max\desktop\snake\sfmlhello\debug\entity.obj
c:\users\max\desktop\snake\sfmlhello\debug\collider.obj
c:\users\max\desktop\snake\sfmlhello\debug\button.obj
c:\users\max\desktop\snake\sfmlhello\debug\border.obj
c:\users\max\desktop\snake\sfmlhello\debug\mapstate.obj
c:\users\max\desktop\snake\sfmlhello\debug\sfmlhello.exe
c:\users\max\desktop\snake\sfmlhello\debug\sfmlhello.ilk
c:\users\max\desktop\snake\sfmlhello\debug\sfmlhello.pdb
c:\users\max\desktop\snake\sfmlhello\debug\sfmlhello.tlog\cl.command.1.tlog
c:\users\max\desktop\snake\sfmlhello\debug\sfmlhello.tlog\cl.read.1.tlog
c:\users\max\desktop\snake\sfmlhello\debug\sfmlhello.tlog\cl.write.1.tlog
c:\users\max\desktop\snake\sfmlhello\debug\sfmlhello.tlog\link.command.1.tlog
c:\users\max\desktop\snake\sfmlhello\debug\sfmlhello.tlog\link.read.1.tlog
c:\users\max\desktop\snake\sfmlhello\debug\sfmlhello.tlog\link.write.1.tlog
